<?xml version="1.0" encoding="UTF-8"?>
<!-- Generated by org.testng.reporters.JUnitXMLReporter -->
<testsuite ignored="0" hostname="DESKTOP-5DQQ2A0" failures="0" tests="5" name="Default test" time="0.49" errors="0" timestamp="2026-06-03T22:07:01 IST">
  <testcase classname="Data_Driven_Testing.RegistrationPageTest" name="testRegistration" time="0.01"/>
  <testcase classname="Data_Driven_Testing.RegistrationPageTest" name="testRegistration" time="0.002"/>
  <testcase classname="Data_Driven_Testing.RegistrationPageTest" name="testRegistration" time="0.003"/>
  <testcase classname="Data_Driven_Testing.RegistrationPageTest" name="testRegistration" time="0.002"/>
  <testcase classname="Data_Driven_Testing.RegistrationPageTest" name="testRegistration" time="0.001"/>
</testsuite> <!-- Default test -->
