<?xml version="1.0" encoding="UTF-8"?>
<testng-results ignored="0" total="5" passed="5" failed="0" skipped="0">
  <reporter-output>
  </reporter-output>
  <suite started-at="2026-06-03T22:07:01 IST" name="Default suite" finished-at="2026-06-03T22:07:01 IST" duration-ms="490">
    <groups>
    </groups>
    <test started-at="2026-06-03T22:07:01 IST" name="Default test" finished-at="2026-06-03T22:07:01 IST" duration-ms="490">
      <class name="Data_Driven_Testing.RegistrationPageTest">
        <test-method signature="testRegistration(java.lang.String,java.lang.String,java.lang.String,java.lang.String)[pri:0, instance:Data_Driven_Testing.RegistrationPageTest@752325ad]" started-at="2026-06-03T22:07:01 IST" name="testRegistration" data-provider="data" finished-at="2026-06-03T22:07:01 IST" duration-ms="10" status="PASS">
          <params>
            <param index="0">
              <value>
                <![CDATA[fname]]>
              </value>
            </param>
            <param index="1">
              <value>
                <![CDATA[lname]]>
              </value>
            </param>
            <param index="2">
              <value>
                <![CDATA[phone]]>
              </value>
            </param>
            <param index="3">
              <value>
                <![CDATA[email]]>
              </value>
            </param>
          </params>
          <reporter-output>
          </reporter-output>
        </test-method> <!-- testRegistration -->
        <test-method signature="testRegistration(java.lang.String,java.lang.String,java.lang.String,java.lang.String)[pri:0, instance:Data_Driven_Testing.RegistrationPageTest@752325ad]" started-at="2026-06-03T22:07:01 IST" name="testRegistration" data-provider="data" finished-at="2026-06-03T22:07:01 IST" duration-ms="2" status="PASS">
          <params>
            <param index="0">
              <value>
                <![CDATA[Taterao]]>
              </value>
            </param>
            <param index="1">
              <value>
                <![CDATA[Gaikwad]]>
              </value>
            </param>
            <param index="2">
              <value>
                <![CDATA[9876543210]]>
              </value>
            </param>
            <param index="3">
              <value>
                <![CDATA[taterao@gmail.com]]>
              </value>
            </param>
          </params>
          <reporter-output>
          </reporter-output>
        </test-method> <!-- testRegistration -->
        <test-method signature="testRegistration(java.lang.String,java.lang.String,java.lang.String,java.lang.String)[pri:0, instance:Data_Driven_Testing.RegistrationPageTest@752325ad]" started-at="2026-06-03T22:07:01 IST" name="testRegistration" data-provider="data" finished-at="2026-06-03T22:07:01 IST" duration-ms="3" status="PASS">
          <params>
            <param index="0">
              <value>
                <![CDATA[Suraj]]>
              </value>
            </param>
            <param index="1">
              <value>
                <![CDATA[Patil]]>
              </value>
            </param>
            <param index="2">
              <value>
                <![CDATA[9988776655]]>
              </value>
            </param>
            <param index="3">
              <value>
                <![CDATA[suraj@gmail.com]]>
              </value>
            </param>
          </params>
          <reporter-output>
          </reporter-output>
        </test-method> <!-- testRegistration -->
        <test-method signature="testRegistration(java.lang.String,java.lang.String,java.lang.String,java.lang.String)[pri:0, instance:Data_Driven_Testing.RegistrationPageTest@752325ad]" started-at="2026-06-03T22:07:01 IST" name="testRegistration" data-provider="data" finished-at="2026-06-03T22:07:01 IST" duration-ms="2" status="PASS">
          <params>
            <param index="0">
              <value>
                <![CDATA[Amit]]>
              </value>
            </param>
            <param index="1">
              <value>
                <![CDATA[Sharma]]>
              </value>
            </param>
            <param index="2">
              <value>
                <![CDATA[9123456789]]>
              </value>
            </param>
            <param index="3">
              <value>
                <![CDATA[amit@gmail.com]]>
              </value>
            </param>
          </params>
          <reporter-output>
          </reporter-output>
        </test-method> <!-- testRegistration -->
        <test-method signature="testRegistration(java.lang.String,java.lang.String,java.lang.String,java.lang.String)[pri:0, instance:Data_Driven_Testing.RegistrationPageTest@752325ad]" started-at="2026-06-03T22:07:01 IST" name="testRegistration" data-provider="data" finished-at="2026-06-03T22:07:01 IST" duration-ms="1" status="PASS">
          <params>
            <param index="0">
              <value>
                <![CDATA[Neha]]>
              </value>
            </param>
            <param index="1">
              <value>
                <![CDATA[Verma]]>
              </value>
            </param>
            <param index="2">
              <value>
                <![CDATA[9871234567]]>
              </value>
            </param>
            <param index="3">
              <value>
                <![CDATA[neha@gmail.com]]>
              </value>
            </param>
          </params>
          <reporter-output>
          </reporter-output>
        </test-method> <!-- testRegistration -->
      </class> <!-- Data_Driven_Testing.RegistrationPageTest -->
    </test> <!-- Default test -->
  </suite> <!-- Default suite -->
</testng-results>
