<?xml version="1.0" encoding="UTF-8"?>
<!-- Generated by org.testng.reporters.JUnitReportReporter -->
<testsuite hostname="DESKTOP-5DQQ2A0" failures="0" tests="5" name="Data_Driven_Testing.Reg1" time="0.016" errors="0" timestamp="2026-06-29T20:20:09 IST" skipped="0">
  <testcase classname="Data_Driven_Testing.Reg1" name="testRegistration" time="0.003"/>
  <testcase classname="Data_Driven_Testing.Reg1" name="testRegistration" time="0.002"/>
  <testcase classname="Data_Driven_Testing.Reg1" name="testRegistration" time="0.009"/>
  <testcase classname="Data_Driven_Testing.Reg1" name="testRegistration" time="0.001"/>
  <testcase classname="Data_Driven_Testing.Reg1" name="testRegistration" time="0.001"/>
</testsuite> <!-- Data_Driven_Testing.Reg1 -->
