<?xml version="1.0" encoding="UTF-8"?>
<!-- Generated by org.testng.reporters.JUnitReportReporter -->
<testsuite hostname="DESKTOP-5DQQ2A0" failures="0" tests="5" name="Data_Driven_Testing.RegistrationPageTest" time="0.018" errors="0" timestamp="2026-06-03T22:07:01 IST" skipped="0">
  <testcase classname="Data_Driven_Testing.RegistrationPageTest" name="testRegistration" time="0.002"/>
  <testcase classname="Data_Driven_Testing.RegistrationPageTest" name="testRegistration" time="0.010"/>
  <testcase classname="Data_Driven_Testing.RegistrationPageTest" name="testRegistration" time="0.001"/>
  <testcase classname="Data_Driven_Testing.RegistrationPageTest" name="testRegistration" time="0.002"/>
  <testcase classname="Data_Driven_Testing.RegistrationPageTest" name="testRegistration" time="0.003"/>
</testsuite> <!-- Data_Driven_Testing.RegistrationPageTest -->
